1669037077.843377 client started (5178): version 3.2a, socket /tmp/tmux-1000/default, protocol 8
1669037077.843412 on Linux 5.15.0-53-generic #59-Ubuntu SMP Mon Oct 17 18:53:30 UTC 2022
1669037077.843419 using libevent 2.1.12-stable (poll); ncurses 6.3
1669037077.843433 flags are 0x10010000
1669037077.843439 socket is /tmp/tmux-1000/default
1669037077.843454 trying connect
1669037077.843510 add peer 0x5577c61d8110: 6 ((nil))
1669037077.843722 sending message 100 to peer 0x5577c61d8110 (4 bytes)
1669037077.843729 sending message 111 to peer 0x5577c61d8110 (8 bytes)
1669037077.843734 sending message 101 to peer 0x5577c61d8110 (7 bytes)
1669037077.843739 sending message 109 to peer 0x5577c61d8110 (4 bytes)
1669037077.843744 sending message 102 to peer 0x5577c61d8110 (11 bytes)
1669037077.843749 sending message 108 to peer 0x5577c61d8110 (25 bytes)
1669037077.843754 sending message 112 to peer 0x5577c61d8110 (70 bytes)
1669037077.843759 sending message 112 to peer 0x5577c61d8110 (5 bytes)
1669037077.843764 sending message 112 to peer 0x5577c61d8110 (5 bytes)
1669037077.843769 sending message 112 to peer 0x5577c61d8110 (6 bytes)
1669037077.843773 sending message 112 to peer 0x5577c61d8110 (6 bytes)
1669037077.843778 sending message 112 to peer 0x5577c61d8110 (11 bytes)
1669037077.843783 sending message 112 to peer 0x5577c61d8110 (10 bytes)
1669037077.843788 sending message 112 to peer 0x5577c61d8110 (13 bytes)
1669037077.843792 sending message 112 to peer 0x5577c61d8110 (13 bytes)
1669037077.843798 sending message 112 to peer 0x5577c61d8110 (18 bytes)
1669037077.843802 sending message 112 to peer 0x5577c61d8110 (9 bytes)
1669037077.843807 sending message 112 to peer 0x5577c61d8110 (21 bytes)
1669037077.843812 sending message 112 to peer 0x5577c61d8110 (13 bytes)
1669037077.843816 sending message 112 to peer 0x5577c61d8110 (7 bytes)
1669037077.843822 sending message 112 to peer 0x5577c61d8110 (13 bytes)
1669037077.843827 sending message 112 to peer 0x5577c61d8110 (7 bytes)
1669037077.843832 sending message 112 to peer 0x5577c61d8110 (13 bytes)
1669037077.843836 sending message 112 to peer 0x5577c61d8110 (9 bytes)
1669037077.843841 sending message 112 to peer 0x5577c61d8110 (21 bytes)
1669037077.843846 sending message 112 to peer 0x5577c61d8110 (13 bytes)
1669037077.843851 sending message 112 to peer 0x5577c61d8110 (8 bytes)
1669037077.843855 sending message 112 to peer 0x5577c61d8110 (12 bytes)
1669037077.843860 sending message 112 to peer 0x5577c61d8110 (13 bytes)
1669037077.843865 sending message 112 to peer 0x5577c61d8110 (9 bytes)
1669037077.843870 sending message 112 to peer 0x5577c61d8110 (9 bytes)
1669037077.843875 sending message 112 to peer 0x5577c61d8110 (12 bytes)
1669037077.843880 sending message 112 to peer 0x5577c61d8110 (8 bytes)
1669037077.843884 sending message 112 to peer 0x5577c61d8110 (7 bytes)
1669037077.843889 sending message 112 to peer 0x5577c61d8110 (7 bytes)
1669037077.843894 sending message 112 to peer 0x5577c61d8110 (9 bytes)
1669037077.843899 sending message 112 to peer 0x5577c61d8110 (13 bytes)
1669037077.843903 sending message 112 to peer 0x5577c61d8110 (9 bytes)
1669037077.843908 sending message 112 to peer 0x5577c61d8110 (15 bytes)
1669037077.843913 sending message 112 to peer 0x5577c61d8110 (13 bytes)
1669037077.843918 sending message 112 to peer 0x5577c61d8110 (12 bytes)
1669037077.843923 sending message 112 to peer 0x5577c61d8110 (8 bytes)
1669037077.843927 sending message 112 to peer 0x5577c61d8110 (14 bytes)
1669037077.843932 sending message 112 to peer 0x5577c61d8110 (9 bytes)
1669037077.843937 sending message 112 to peer 0x5577c61d8110 (10 bytes)
1669037077.843942 sending message 112 to peer 0x5577c61d8110 (10 bytes)
1669037077.843947 sending message 112 to peer 0x5577c61d8110 (10 bytes)
1669037077.843952 sending message 112 to peer 0x5577c61d8110 (10 bytes)
1669037077.843957 sending message 112 to peer 0x5577c61d8110 (11 bytes)
1669037077.843961 sending message 112 to peer 0x5577c61d8110 (10 bytes)
1669037077.843966 sending message 112 to peer 0x5577c61d8110 (8 bytes)
1669037077.843971 sending message 112 to peer 0x5577c61d8110 (11 bytes)
1669037077.843982 sending message 112 to peer 0x5577c61d8110 (11 bytes)
1669037077.843988 sending message 112 to peer 0x5577c61d8110 (11 bytes)
1669037077.843992 sending message 112 to peer 0x5577c61d8110 (8 bytes)
1669037077.843997 sending message 112 to peer 0x5577c61d8110 (8 bytes)
1669037077.844002 sending message 112 to peer 0x5577c61d8110 (8 bytes)
1669037077.844007 sending message 112 to peer 0x5577c61d8110 (10 bytes)
1669037077.844011 sending message 112 to peer 0x5577c61d8110 (10 bytes)
1669037077.844016 sending message 112 to peer 0x5577c61d8110 (10 bytes)
1669037077.844021 sending message 112 to peer 0x5577c61d8110 (10 bytes)
1669037077.844026 sending message 112 to peer 0x5577c61d8110 (10 bytes)
1669037077.844031 sending message 112 to peer 0x5577c61d8110 (11 bytes)
1669037077.844035 sending message 112 to peer 0x5577c61d8110 (11 bytes)
1669037077.844041 sending message 112 to peer 0x5577c61d8110 (10 bytes)
1669037077.844045 sending message 112 to peer 0x5577c61d8110 (9 bytes)
1669037077.844050 sending message 112 to peer 0x5577c61d8110 (9 bytes)
1669037077.844055 sending message 112 to peer 0x5577c61d8110 (12 bytes)
1669037077.844060 sending message 112 to peer 0x5577c61d8110 (9 bytes)
1669037077.844064 sending message 112 to peer 0x5577c61d8110 (6 bytes)
1669037077.844070 sending message 112 to peer 0x5577c61d8110 (8 bytes)
1669037077.844074 sending message 112 to peer 0x5577c61d8110 (15 bytes)
1669037077.844079 sending message 112 to peer 0x5577c61d8110 (13 bytes)
1669037077.844084 sending message 112 to peer 0x5577c61d8110 (16 bytes)
1669037077.844089 sending message 112 to peer 0x5577c61d8110 (16 bytes)
1669037077.844094 sending message 112 to peer 0x5577c61d8110 (10 bytes)
1669037077.844099 sending message 112 to peer 0x5577c61d8110 (8 bytes)
1669037077.844103 sending message 112 to peer 0x5577c61d8110 (15 bytes)
1669037077.844108 sending message 112 to peer 0x5577c61d8110 (13 bytes)
1669037077.844113 sending message 112 to peer 0x5577c61d8110 (10 bytes)
1669037077.844118 sending message 112 to peer 0x5577c61d8110 (10 bytes)
1669037077.844123 sending message 112 to peer 0x5577c61d8110 (5 bytes)
1669037077.844127 sending message 112 to peer 0x5577c61d8110 (15 bytes)
1669037077.844133 sending message 104 to peer 0x5577c61d8110 (0 bytes)
1669037077.844138 sending message 110 to peer 0x5577c61d8110 (0 bytes)
1669037077.844142 sending message 107 to peer 0x5577c61d8110 (4 bytes)
1669037077.844148 sending message 105 to peer 0x5577c61d8110 (16 bytes)
1669037077.844152 sending message 105 to peer 0x5577c61d8110 (124 bytes)
1669037077.844157 sending message 105 to peer 0x5577c61d8110 (19 bytes)
1669037077.844162 sending message 105 to peer 0x5577c61d8110 (20 bytes)
1669037077.844167 sending message 105 to peer 0x5577c61d8110 (53 bytes)
1669037077.844172 sending message 105 to peer 0x5577c61d8110 (33 bytes)
1669037077.844176 sending message 105 to peer 0x5577c61d8110 (60 bytes)
1669037077.844181 sending message 105 to peer 0x5577c61d8110 (23 bytes)
1669037077.844186 sending message 105 to peer 0x5577c61d8110 (26 bytes)
1669037077.844191 sending message 105 to peer 0x5577c61d8110 (44 bytes)
1669037077.844196 sending message 105 to peer 0x5577c61d8110 (35 bytes)
1669037077.844200 sending message 105 to peer 0x5577c61d8110 (18 bytes)
1669037077.844205 sending message 105 to peer 0x5577c61d8110 (32 bytes)
1669037077.844210 sending message 105 to peer 0x5577c61d8110 (41 bytes)
1669037077.844215 sending message 105 to peer 0x5577c61d8110 (20 bytes)
1669037077.844220 sending message 105 to peer 0x5577c61d8110 (31 bytes)
1669037077.844225 sending message 105 to peer 0x5577c61d8110 (28 bytes)
1669037077.844230 sending message 105 to peer 0x5577c61d8110 (29 bytes)
1669037077.844234 sending message 105 to peer 0x5577c61d8110 (35 bytes)
1669037077.844239 sending message 105 to peer 0x5577c61d8110 (14 bytes)
1669037077.844244 sending message 105 to peer 0x5577c61d8110 (25 bytes)
1669037077.844259 sending message 105 to peer 0x5577c61d8110 (22 bytes)
1669037077.844266 sending message 105 to peer 0x5577c61d8110 (54 bytes)
1669037077.844276 sending message 105 to peer 0x5577c61d8110 (22 bytes)
1669037077.844281 sending message 105 to peer 0x5577c61d8110 (33 bytes)
1669037077.844286 sending message 105 to peer 0x5577c61d8110 (17 bytes)
1669037077.844291 sending message 105 to peer 0x5577c61d8110 (15 bytes)
1669037077.844296 sending message 105 to peer 0x5577c61d8110 (18 bytes)
1669037077.844300 sending message 105 to peer 0x5577c61d8110 (11 bytes)
1669037077.844306 sending message 105 to peer 0x5577c61d8110 (1519 bytes)
1669037077.844311 sending message 105 to peer 0x5577c61d8110 (33 bytes)
1669037077.844316 sending message 105 to peer 0x5577c61d8110 (20 bytes)
1669037077.844321 sending message 105 to peer 0x5577c61d8110 (26 bytes)
1669037077.844326 sending message 105 to peer 0x5577c61d8110 (47 bytes)
1669037077.844330 sending message 105 to peer 0x5577c61d8110 (16 bytes)
1669037077.844335 sending message 105 to peer 0x5577c61d8110 (38 bytes)
1669037077.844340 sending message 105 to peer 0x5577c61d8110 (24 bytes)
1669037077.844345 sending message 105 to peer 0x5577c61d8110 (25 bytes)
1669037077.844350 sending message 105 to peer 0x5577c61d8110 (23 bytes)
1669037077.844355 sending message 105 to peer 0x5577c61d8110 (34 bytes)
1669037077.844359 sending message 105 to peer 0x5577c61d8110 (23 bytes)
1669037077.844364 sending message 105 to peer 0x5577c61d8110 (12 bytes)
1669037077.844369 sending message 105 to peer 0x5577c61d8110 (32 bytes)
1669037077.844373 sending message 105 to peer 0x5577c61d8110 (11 bytes)
1669037077.844378 sending message 105 to peer 0x5577c61d8110 (13 bytes)
1669037077.844383 sending message 105 to peer 0x5577c61d8110 (11 bytes)
1669037077.844388 sending message 105 to peer 0x5577c61d8110 (8 bytes)
1669037077.844393 sending message 105 to peer 0x5577c61d8110 (14 bytes)
1669037077.844398 sending message 105 to peer 0x5577c61d8110 (18 bytes)
1669037077.844403 sending message 105 to peer 0x5577c61d8110 (31 bytes)
1669037077.844408 sending message 105 to peer 0x5577c61d8110 (23 bytes)
1669037077.844413 sending message 105 to peer 0x5577c61d8110 (93 bytes)
1669037077.844417 sending message 105 to peer 0x5577c61d8110 (272 bytes)
1669037077.844422 sending message 105 to peer 0x5577c61d8110 (26 bytes)
1669037077.844427 sending message 105 to peer 0x5577c61d8110 (54 bytes)
1669037077.844432 sending message 105 to peer 0x5577c61d8110 (51 bytes)
1669037077.844437 sending message 105 to peer 0x5577c61d8110 (35 bytes)
1669037077.844442 sending message 105 to peer 0x5577c61d8110 (63 bytes)
1669037077.844447 sending message 105 to peer 0x5577c61d8110 (19 bytes)
1669037077.844452 sending message 105 to peer 0x5577c61d8110 (18 bytes)
1669037077.844456 sending message 105 to peer 0x5577c61d8110 (16 bytes)
1669037077.844461 sending message 106 to peer 0x5577c61d8110 (0 bytes)
1669037077.844467 sending message 200 to peer 0x5577c61d8110 (4 bytes)
1669037077.844472 client loop enter
1669037077.844986 peer 0x5577c61d8110 message 303
1669037077.844993 open write file 2 -
1669037077.845002 sending message 305 to peer 0x5577c61d8110 (8 bytes)
1669037077.845010 write check file 2
1669037077.845106 peer 0x5577c61d8110 message 304
1669037077.845111 write 58 to file 2
1669037077.845118 peer 0x5577c61d8110 message 203
1669037077.845123 file 2 58 bytes left
1669037077.845139 write check file 2
1669037077.845144 client loop exit
